<?xml version="1.0" encoding="UTF-8"?>
<!-- Generated by org.testng.reporters.JUnitReportReporter -->
<testsuite hostname="DESKTOP-C7VM6JP" failures="0" tests="1" name="com.tutorialsninja.qa.testcases.Login" time="5.909" errors="0" timestamp="2023-05-16T21:14:55 IST" skipped="0">
  <testcase classname="com.tutorialsninja.qa.testcases.Login" name="verifyLoginWithValidCredentials" time="5.909"/>
  <system-out/>
</testsuite> <!-- com.tutorialsninja.qa.testcases.Login -->
